C51 COMPILER V9.54   MAIN                                                                  10/02/2024 14:58:53 PAGE 1   


C51 COMPILER V9.54, COMPILATION OF MODULE MAIN
OBJECT MODULE PLACED IN .\Objects\main.obj
COMPILER INVOKED BY: E:\software\keil5\C51\BIN\C51.EXE main.c OPTIMIZE(8,SPEED) BROWSE DEBUG OBJECTEXTEND PRINT(.\Listin
                    -gs\main.lst) TABS(2) OBJECT(.\Objects\main.obj)

line level    source

   1          #include <REGX52.H>
   2          
   3          void Delay1ms(unsigned int xms){
   4   1        unsigned char i,j;
   5   1        while(xms)
   6   1        {
   7   2        i = 2;
   8   2        j = 239;
   9   2        do
  10   2        {
  11   3          while (--j);
  12   3        }while (--i);
  13   2        xms--;
  14   2      }
  15   1        }
  16          
  17            void main(){
  18   1          while(1){
  19   2          P2 = 0xFE;//1111 1110
  20   2          Delay1ms(100);
  21   2          P2 = 0xFD;//1111 1101
  22   2          Delay1ms(100);
  23   2          P2 = 0xFB;//1111 1011
  24   2          Delay1ms(100);
  25   2          P2 = 0xF7;//1111 0111
  26   2          Delay1ms(100);
  27   2          P2 = 0xEF;//1110 1111
  28   2          Delay1ms(100);
  29   2          P2 = 0xDF;//1101 1111
  30   2          Delay1ms(100);
  31   2          P2 = 0xBF;//1011 1111
  32   2          Delay1ms(100);
  33   2          P2 = 0x7F;//0111 1111
  34   2          Delay1ms(100);
  35   2          }
  36   1        }


MODULE INFORMATION:   STATIC OVERLAYABLE
   CODE SIZE        =     74    ----
   CONSTANT SIZE    =   ----    ----
   XDATA SIZE       =   ----    ----
   PDATA SIZE       =   ----    ----
   DATA SIZE        =   ----    ----
   IDATA SIZE       =   ----    ----
   BIT SIZE         =   ----    ----
END OF MODULE INFORMATION.


C51 COMPILATION COMPLETE.  0 WARNING(S),  0 ERROR(S)
