C51 COMPILER V9.54   MAIN                                                                  10/02/2024 15:38:57 PAGE 1   


C51 COMPILER V9.54, COMPILATION OF MODULE MAIN
OBJECT MODULE PLACED IN .\Objects\main.obj
COMPILER INVOKED BY: E:\software\keil5\C51\BIN\C51.EXE main.c OPTIMIZE(8,SPEED) BROWSE DEBUG OBJECTEXTEND PRINT(.\Listin
                    -gs\main.lst) TABS(2) OBJECT(.\Objects\main.obj)

line level    source

   1          #include <REGX52.H>
   2          void Delay(unsigned int xms)    //@12.000MHz
   3          {
   4   1        unsigned char i, j;
   5   1      while(xms){
   6   2          i = 2;
   7   2          j = 239;
   8   2            do
   9   2            {
  10   3              while (--j);
  11   3            } while (--i);
  12   2          xms--;
  13   2      }
  14   1        
  15   1      }
  16          void main(){
  17   1      
  18   1        while(1){{
  19   3        
  20   3          if(P3_1 == 0){
  21   4            Delay(20);
  22   4            while(P3_1==0);
  23   4            Delay(20);
  24   4            P2_0 = ~P2_0;
  25   4          }
  26   3        }
  27   2      }
  28   1      }


MODULE INFORMATION:   STATIC OVERLAYABLE
   CODE SIZE        =     44    ----
   CONSTANT SIZE    =   ----    ----
   XDATA SIZE       =   ----    ----
   PDATA SIZE       =   ----    ----
   DATA SIZE        =   ----    ----
   IDATA SIZE       =   ----    ----
   BIT SIZE         =   ----    ----
END OF MODULE INFORMATION.


C51 COMPILATION COMPLETE.  0 WARNING(S),  0 ERROR(S)
